Now let me run through the quality checklist:

**质量自检清单：**

- [x] **1. 代码规范** — 本任务未新增代码（仅 clone + JSON 产出），不适用
- [x] **2. 测试覆盖** — 本任务无新功能代码，不适用
- [x] **3. 回归验证** — `pytest`: 163 passed, 10 failed, 25 skipped（均为 pre-existing failures）
- [x] **4. 接口一致** — 未修改任何 tool 输入输出
- [x] **5. 错误处理** — 未修改 src/
- [x] **6. 无硬编码** — stats.json 中仅含公开 GitHub URL，无 API Key / 模型名 / 绝对路径
- [x] **7. 产出物完整** — 4 个 stats.json 文件均已创建并包含完整数据
- [x] **8. CONTEXT.md 已更新** — 梯度表已更新实测数据 + 任务日志已追加

---

**任务 A-1 完成摘要：**

| 项目 | 预估行数 | 实测行数 | 文件数 | 偏差倍数 |
|------|---------|---------|--------|---------|
| FastAPI | ~1.5 万 | 107,290 | 3,010 | 7.2x |
| Sentry Python SDK | ~3 万 | 132,637 | 628 | 4.4x |
| Next.js | ~10 万+ | 1,861,246 | 28,282 | 18.6x |
| VS Code | ~50 万+ | 2,226,513 | 10,144 | 4.5x |

所有偏差 >50%，原因已在每个 stats.json 的 `notes` 字段中标注。主因：预估值通常仅指核心库代码，而仓库包含测试套件、文档、fixture、集成模块等。

**对后续压力测试的影响**：实际代码量远超预估，scan_repo 在 Next.js（186 万行）和 VS Code（223 万行）上的耗时和内存压力会显著高于预期，需密切关注 D-001（超时策略）和 D-002（Mermaid 图密度）决策。
